\BOOKMARK [0][-]{chapter.1}{\376\377\000I\000n\000t\000r\000o\000d\000u\000c\000t\000i\000o\000n}{}% 1
\BOOKMARK [1][-]{section.1.1}{\376\377\000B\000a\000c\000k\000g\000r\000o\000u\000n\000d}{chapter.1}% 2
\BOOKMARK [1][-]{section.1.2}{\376\377\000P\000r\000o\000b\000l\000e\000m}{chapter.1}% 3
\BOOKMARK [1][-]{section.1.3}{\376\377\000P\000r\000o\000p\000o\000s\000e\000d\000\040\000S\000y\000s\000t\000e\000m}{chapter.1}% 4
\BOOKMARK [1][-]{section.1.4}{\376\377\000P\000r\000i\000c\000i\000n\000g}{chapter.1}% 5
\BOOKMARK [1][-]{section.1.5}{\376\377\000C\000o\000n\000c\000l\000u\000s\000i\000o\000n}{chapter.1}% 6
\BOOKMARK [0][-]{chapter.2}{\376\377\000R\000e\000l\000a\000t\000e\000d\000\040\000W\000o\000r\000k}{}% 7
\BOOKMARK [0][-]{chapter.3}{\376\377\000R\000e\000q\000u\000i\000r\000e\000m\000e\000n\000t\000s}{}% 8
\BOOKMARK [0][-]{chapter.4}{\376\377\000D\000e\000s\000i\000g\000n}{}% 9
\BOOKMARK [1][-]{section.4.1}{\376\377\000D\000e\000s\000i\000g\000n\000\040\000P\000a\000t\000t\000e\000r\000n\000s}{chapter.4}% 10
\BOOKMARK [1][-]{section.4.2}{\376\377\000F\000r\000o\000n\000t\000e\000n\000d}{chapter.4}% 11
\BOOKMARK [2][-]{subsection.4.2.1}{\376\377\000W\000i\000r\000e\000f\000r\000a\000m\000e}{section.4.2}% 12
\BOOKMARK [2][-]{subsection.4.2.2}{\376\377\000U\000I}{section.4.2}% 13
\BOOKMARK [1][-]{section.4.3}{\376\377\000B\000a\000c\000k\000e\000n\000d}{chapter.4}% 14
\BOOKMARK [1][-]{section.4.4}{\376\377\000A\000r\000c\000h\000i\000t\000e\000c\000t\000u\000r\000e}{chapter.4}% 15
\BOOKMARK [2][-]{subsection.4.4.1}{\376\377\000I\000n\000t\000e\000r\000f\000a\000c\000e}{section.4.4}% 16
\BOOKMARK [2][-]{subsection.4.4.2}{\376\377\000S\000e\000r\000v\000e\000r}{section.4.4}% 17
\BOOKMARK [2][-]{subsection.4.4.3}{\376\377\000C\000l\000i\000e\000n\000t}{section.4.4}% 18
\BOOKMARK [2][-]{subsection.4.4.4}{\376\377\000A\000p\000p\000l\000i\000c\000a\000t\000i\000o\000n}{section.4.4}% 19
\BOOKMARK [0][-]{chapter.5}{\376\377\000I\000m\000p\000l\000e\000m\000e\000n\000t\000a\000t\000i\000o\000n}{}% 20
\BOOKMARK [1][-]{section.5.1}{\376\377\000F\000r\000o\000n\000t\000e\000n\000d}{chapter.5}% 21
\BOOKMARK [2][-]{subsection.5.1.1}{\376\377\000A\000P\000I\000\040\000K\000e\000y}{section.5.1}% 22
\BOOKMARK [2][-]{subsection.5.1.2}{\376\377\000S\000t\000o\000r\000e}{section.5.1}% 23
\BOOKMARK [2][-]{subsection.5.1.3}{\376\377\000S\000t\000o\000r\000e\000\040\000S\000l\000i\000c\000e}{section.5.1}% 24
\BOOKMARK [2][-]{subsection.5.1.4}{\376\377\000R\000o\000u\000t\000i\000n\000g}{section.5.1}% 25
\BOOKMARK [2][-]{subsection.5.1.5}{\376\377\000F\000i\000r\000e\000b\000a\000s\000e\000\040\000a\000n\000d\000\040\000A\000u\000t\000h\000e\000n\000t\000i\000c\000a\000t\000i\000o\000n}{section.5.1}% 26
\BOOKMARK [2][-]{subsection.5.1.6}{\376\377\000S\000t\000r\000u\000c\000t\000u\000r\000e}{section.5.1}% 27
\BOOKMARK [2][-]{subsection.5.1.7}{\376\377\000C\000o\000n\000f\000i\000g\000u\000r\000i\000n\000g\000\040\000G\000o\000o\000g\000l\000e\000\040\000M\000a\000p}{section.5.1}% 28
\BOOKMARK [1][-]{section.5.2}{\376\377\000B\000a\000c\000k\000e\000n\000d}{chapter.5}% 29
\BOOKMARK [2][-]{subsection.5.2.1}{\376\377\000D\000a\000t\000a\000b\000a\000s\000e\000\040\000C\000o\000n\000n\000e\000c\000t\000i\000o\000n}{section.5.2}% 30
\BOOKMARK [2][-]{subsection.5.2.2}{\376\377\000A\000P\000I\000\040\000R\000o\000u\000t\000e\000s}{section.5.2}% 31
\BOOKMARK [2][-]{subsection.5.2.3}{\376\377\000S\000o\000c\000k\000e\000t\000s}{section.5.2}% 32
\BOOKMARK [2][-]{subsection.5.2.4}{\376\377\000C\000h\000a\000t\000\040\000S\000e\000r\000v\000e\000r}{section.5.2}% 33
\BOOKMARK [2][-]{subsection.5.2.5}{\376\377\000R\000o\000u\000t\000i\000n\000g}{section.5.2}% 34
\BOOKMARK [2][-]{subsection.5.2.6}{\376\377\000M\000i\000d\000d\000l\000e\000w\000a\000r\000e}{section.5.2}% 35
\BOOKMARK [2][-]{subsection.5.2.7}{\376\377\000C\000o\000n\000t\000r\000o\000l\000l\000e\000r\000s}{section.5.2}% 36
\BOOKMARK [1][-]{section.5.3}{\376\377\000D\000a\000t\000a\000b\000a\000s\000e}{chapter.5}% 37
\BOOKMARK [2][-]{subsection.5.3.1}{\376\377\000M\000o\000d\000e\000l\000s}{section.5.3}% 38
\BOOKMARK [1][-]{section.5.4}{\376\377\000B\000e\000h\000a\000v\000i\000o\000r}{chapter.5}% 39
\BOOKMARK [2][-]{subsection.5.4.1}{\376\377\000P\000a\000r\000k\000e\000r}{section.5.4}% 40
\BOOKMARK [2][-]{subsection.5.4.2}{\376\377\000S\000e\000l\000l\000e\000r}{section.5.4}% 41
\BOOKMARK [2][-]{subsection.5.4.3}{\376\377\000S\000p\000o\000t}{section.5.4}% 42
\BOOKMARK [2][-]{subsection.5.4.4}{\376\377\000B\000o\000o\000k\000i\000n\000g\000\040\000R\000e\000q\000u\000e\000s\000t}{section.5.4}% 43
\BOOKMARK [0][-]{chapter.6}{\376\377\000T\000e\000s\000t\000i\000n\000g\000\040\000a\000n\000d\000\040\000E\000v\000a\000l\000u\000a\000t\000i\000o\000n}{}% 44
\BOOKMARK [1][-]{section.6.1}{\376\377\000E\000v\000a\000l\000u\000a\000t\000i\000o\000n}{chapter.6}% 45
\BOOKMARK [1][-]{section.6.2}{\376\377\000T\000e\000s\000t\000i\000n\000g}{chapter.6}% 46
\BOOKMARK [0][-]{chapter.7}{\376\377\000C\000o\000n\000c\000l\000u\000s\000i\000o\000n}{}% 47
