This is pdfTeX, Version 3.141592653-2.6-1.40.24 (MiKTeX 22.3) (preloaded format=pdflatex 2022.6.12)  13 JUN 2022 03:52
entering extended mode
 restricted \write18 enabled.
 file:line:error style messages enabled.
 %&-line parsing enabled.
**"d:/Abdullahs Data/GitHub/Working Repos/FYP-Report/main.tex"
(d:/Abdullahs Data/GitHub/Working Repos/FYP-Report/main.tex
LaTeX2e <2021-11-15> patch level 1
L3 programming layer <2022-05-04> (C:\Users\Elusive\AppData\Local\Programs\MiKTeX\tex/latex/base\report.cls
Document Class: report 2021/10/04 v1.4n Standard LaTeX document class
(C:\Users\Elusive\AppData\Local\Programs\MiKTeX\tex/latex/base\size10.clo
File: size10.clo 2021/10/04 v1.4n Standard LaTeX file (size option)
)
\c@part=\count185
\c@chapter=\count186
\c@section=\count187
\c@subsection=\count188
\c@subsubsection=\count189
\c@paragraph=\count190
\c@subparagraph=\count191
\c@figure=\count192
\c@table=\count193
\abovecaptionskip=\skip47
\belowcaptionskip=\skip48
\bibindent=\dimen138
) (C:\Users\Elusive\AppData\Local\Programs\MiKTeX\tex/generic/babel\babel.sty
Package: babel 2022/05/22 3.75 The Babel package
\babel@savecnt=\count194
\U@D=\dimen139
\l@unhyphenated=\language79
 (C:\Users\Elusive\AppData\Local\Programs\MiKTeX\tex/generic/babel\txtbabel.def)
\bbl@readstream=\read2
\bbl@dirlevel=\count195

*************************************
* Local config file bblopts.cfg used
*
(C:\Users\Elusive\AppData\Local\Programs\MiKTeX\tex/latex/arabi\bblopts.cfg
File: bblopts.cfg 2005/09/08 v0.1 add Arabic and Farsi to "declared" options of babel
)
Package babel Info: You haven't specified a language. I'll use 'nil'
(babel)             as the main language. Reported on input line 4360.
 (C:\Users\Elusive\AppData\Local\Programs\MiKTeX\tex/generic/babel\nil.ldf
Language: nil 2022/05/22 3.75 Nil language
\l@nil=\language80
)) (C:\Users\Elusive\AppData\Local\Programs\MiKTeX\tex/latex/geometry\geometry.sty
Package: geometry 2020/01/02 v5.9 Page Geometry
 (C:\Users\Elusive\AppData\Local\Programs\MiKTeX\tex/latex/graphics\keyval.sty
Package: keyval 2014/10/28 v1.15 key=value parser (DPC)
\KV@toks@=\toks16
) (C:\Users\Elusive\AppData\Local\Programs\MiKTeX\tex/generic/iftex\ifvtex.sty
Package: ifvtex 2019/10/25 v1.7 ifvtex legacy package. Use iftex instead.
 (C:\Users\Elusive\AppData\Local\Programs\MiKTeX\tex/generic/iftex\iftex.sty
Package: iftex 2022/02/03 v1.0f TeX engine tests
))
\Gm@cnth=\count196
\Gm@cntv=\count197
\c@Gm@tempcnt=\count198
\Gm@bindingoffset=\dimen140
\Gm@wd@mp=\dimen141
\Gm@odd@mp=\dimen142
\Gm@even@mp=\dimen143
\Gm@layoutwidth=\dimen144
\Gm@layoutheight=\dimen145
\Gm@layouthoffset=\dimen146
\Gm@layoutvoffset=\dimen147
\Gm@dimlist=\toks17
 (C:\Users\Elusive\AppData\Local\Programs\MiKTeX\tex/latex/geometry\geometry.cfg)) (C:\Users\Elusive\AppData\Local\Programs\MiKTeX\tex/latex/graphics\graphicx.sty
Package: graphicx 2021/09/16 v1.2d Enhanced LaTeX Graphics (DPC,SPQR)
 (C:\Users\Elusive\AppData\Local\Programs\MiKTeX\tex/latex/graphics\graphics.sty
Package: graphics 2021/03/04 v1.4d Standard LaTeX Graphics (DPC,SPQR)
 (C:\Users\Elusive\AppData\Local\Programs\MiKTeX\tex/latex/graphics\trig.sty
Package: trig 2021/08/11 v1.11 sin cos tan (DPC)
) (C:\Users\Elusive\AppData\Local\Programs\MiKTeX\tex/latex/graphics-cfg\graphics.cfg
File: graphics.cfg 2016/06/04 v1.11 sample graphics configuration
)
Package graphics Info: Driver file: pdftex.def on input line 107.
 (C:\Users\Elusive\AppData\Local\Programs\MiKTeX\tex/latex/graphics-def\pdftex.def
File: pdftex.def 2020/10/05 v1.2a Graphics/color driver for pdftex
))
\Gin@req@height=\dimen148
\Gin@req@width=\dimen149
) (C:\Users\Elusive\AppData\Local\Programs\MiKTeX\tex/latex/tools\array.sty
Package: array 2021/10/04 v2.5f Tabular extension package (FMi)
\col@sep=\dimen150
\ar@mcellbox=\box50
\extrarowheight=\dimen151
\NC@list=\toks18
\extratabsurround=\skip49
\backup@length=\skip50
\ar@cellbox=\box51
) (C:\Users\Elusive\AppData\Local\Programs\MiKTeX\tex/latex/titlesec\titlesec.sty
Package: titlesec 2021/07/05 v2.14 Sectioning titles
\ttl@box=\box52
\beforetitleunit=\skip51
\aftertitleunit=\skip52
\ttl@plus=\dimen152
\ttl@minus=\dimen153
\ttl@toksa=\toks19
\titlewidth=\dimen154
\titlewidthlast=\dimen155
\titlewidthfirst=\dimen156
 (C:\Users\Elusive\AppData\Local\Programs\MiKTeX\tex/latex/titlesec\titleps.sty)) (C:\Users\Elusive\AppData\Local\Programs\MiKTeX\tex/latex/fontawesome5\fontawesome5.sty (C:\Users\Elusive\AppData\Local\Programs\MiKTeX\tex/latex/l3kernel\expl3.sty
Package: expl3 2022-05-04 L3 programming layer (loader) 
 (C:\Users\Elusive\AppData\Local\Programs\MiKTeX\tex/latex/l3backend\l3backend-pdftex.def
File: l3backend-pdftex.def 2022-04-20 L3 backend support: PDF output (pdfTeX)
\l__color_backend_stack_int=\count199
\l__pdf_internal_box=\box53
))
Package: fontawesome5 2022/05/02 v5.15.4 Font Awesome 5
 (C:\Users\Elusive\AppData\Local\Programs\MiKTeX\tex/latex/l3packages/l3keys2e\l3keys2e.sty
Package: l3keys2e 2022-01-12 LaTeX2e option processing using LaTeX3 keys
) (C:\Users\Elusive\AppData\Local\Programs\MiKTeX\tex/latex/l3packages/xparse\xparse.sty
Package: xparse 2022-01-12 L3 Experimental document command parser
) (C:\Users\Elusive\AppData\Local\Programs\MiKTeX\tex/latex/fontawesome5\fontawesome5-generic-helper.sty
Package: fontawesome5-generic-helper 2022/05/02 v5.15.4 non-uTeX helper for fontawesome5
 (C:\Users\Elusive\AppData\Local\Programs\MiKTeX\tex/latex/fontawesome5\fontawesome5-mapping.def))) (C:\Users\Elusive\AppData\Local\Programs\MiKTeX\tex/latex/hyperref\hyperref.sty
Package: hyperref 2022-05-17 v7.00q Hypertext links for LaTeX
 (C:\Users\Elusive\AppData\Local\Programs\MiKTeX\tex/generic/ltxcmds\ltxcmds.sty
Package: ltxcmds 2020-05-10 v1.25 LaTeX kernel commands for general use (HO)
) (C:\Users\Elusive\AppData\Local\Programs\MiKTeX\tex/generic/pdftexcmds\pdftexcmds.sty
Package: pdftexcmds 2020-06-27 v0.33 Utility functions of pdfTeX for LuaTeX (HO)
 (C:\Users\Elusive\AppData\Local\Programs\MiKTeX\tex/generic/infwarerr\infwarerr.sty
Package: infwarerr 2019/12/03 v1.5 Providing info/warning/error messages (HO)
)
Package pdftexcmds Info: \pdf@primitive is available.
Package pdftexcmds Info: \pdf@ifprimitive is available.
Package pdftexcmds Info: \pdfdraftmode found.
) (C:\Users\Elusive\AppData\Local\Programs\MiKTeX\tex/generic/kvsetkeys\kvsetkeys.sty
Package: kvsetkeys 2019/12/15 v1.18 Key value parser (HO)
) (C:\Users\Elusive\AppData\Local\Programs\MiKTeX\tex/generic/kvdefinekeys\kvdefinekeys.sty
Package: kvdefinekeys 2019-12-19 v1.6 Define keys (HO)
) (C:\Users\Elusive\AppData\Local\Programs\MiKTeX\tex/generic/pdfescape\pdfescape.sty
Package: pdfescape 2019/12/09 v1.15 Implements pdfTeX's escape features (HO)
) (C:\Users\Elusive\AppData\Local\Programs\MiKTeX\tex/latex/hycolor\hycolor.sty
Package: hycolor 2020-01-27 v1.10 Color options for hyperref/bookmark (HO)
) (C:\Users\Elusive\AppData\Local\Programs\MiKTeX\tex/latex/letltxmacro\letltxmacro.sty
Package: letltxmacro 2019/12/03 v1.6 Let assignment for LaTeX macros (HO)
) (C:\Users\Elusive\AppData\Local\Programs\MiKTeX\tex/latex/auxhook\auxhook.sty
Package: auxhook 2019-12-17 v1.6 Hooks for auxiliary files (HO)
) (C:\Users\Elusive\AppData\Local\Programs\MiKTeX\tex/latex/hyperref\nameref.sty
Package: nameref 2022-05-17 v2.50 Cross-referencing by name of section
 (C:\Users\Elusive\AppData\Local\Programs\MiKTeX\tex/latex/refcount\refcount.sty
Package: refcount 2019/12/15 v3.6 Data extraction from label references (HO)
) (C:\Users\Elusive\AppData\Local\Programs\MiKTeX\tex/generic/gettitlestring\gettitlestring.sty
Package: gettitlestring 2019/12/15 v1.6 Cleanup title references (HO)
 (C:\Users\Elusive\AppData\Local\Programs\MiKTeX\tex/latex/kvoptions\kvoptions.sty
Package: kvoptions 2020-10-07 v3.14 Key value format for package options (HO)
))
\c@section@level=\count266
)
\@linkdim=\dimen157
\Hy@linkcounter=\count267
\Hy@pagecounter=\count268
 (C:\Users\Elusive\AppData\Local\Programs\MiKTeX\tex/latex/hyperref\pd1enc.def
File: pd1enc.def 2022-05-17 v7.00q Hyperref: PDFDocEncoding definition (HO)
Now handling font encoding PD1 ...
... no UTF-8 mapping file for font encoding PD1
) (C:\Users\Elusive\AppData\Local\Programs\MiKTeX\tex/generic/intcalc\intcalc.sty
Package: intcalc 2019/12/15 v1.3 Expandable calculations with integers (HO)
) (C:\Users\Elusive\AppData\Local\Programs\MiKTeX\tex/generic/etexcmds\etexcmds.sty
Package: etexcmds 2019/12/15 v1.7 Avoid name clashes with e-TeX commands (HO)
)
\Hy@SavedSpaceFactor=\count269
 (C:\Users\Elusive\AppData\Local\Programs\MiKTeX\tex/latex/hyperref\puenc.def
File: puenc.def 2022-05-17 v7.00q Hyperref: PDF Unicode definition (HO)
Now handling font encoding PU ...
... no UTF-8 mapping file for font encoding PU
)
Package hyperref Info: Hyper figures OFF on input line 4139.
Package hyperref Info: Link nesting OFF on input line 4144.
Package hyperref Info: Hyper index ON on input line 4147.
Package hyperref Info: Plain pages OFF on input line 4154.
Package hyperref Info: Backreferencing OFF on input line 4159.
Package hyperref Info: Implicit mode ON; LaTeX internals redefined.
Package hyperref Info: Bookmarks ON on input line 4385.
\c@Hy@tempcnt=\count270
 (C:\Users\Elusive\AppData\Local\Programs\MiKTeX\tex/latex/url\url.sty
\Urlmuskip=\muskip16
Package: url 2013/09/16  ver 3.4  Verb mode for urls, etc.
)
LaTeX Info: Redefining \url on input line 4723.
\XeTeXLinkMargin=\dimen158
 (C:\Users\Elusive\AppData\Local\Programs\MiKTeX\tex/generic/bitset\bitset.sty
Package: bitset 2019/12/09 v1.3 Handle bit-vector datatype (HO)
 (C:\Users\Elusive\AppData\Local\Programs\MiKTeX\tex/generic/bigintcalc\bigintcalc.sty
Package: bigintcalc 2019/12/15 v1.5 Expandable calculations on big integers (HO)
))
\Fld@menulength=\count271
\Field@Width=\dimen159
\Fld@charsize=\dimen160
Package hyperref Info: Hyper figures OFF on input line 6001.
Package hyperref Info: Link nesting OFF on input line 6006.
Package hyperref Info: Hyper index ON on input line 6009.
Package hyperref Info: backreferencing OFF on input line 6016.
Package hyperref Info: Link coloring OFF on input line 6021.
Package hyperref Info: Link coloring with OCG OFF on input line 6026.
Package hyperref Info: PDF/A mode OFF on input line 6031.
LaTeX Info: Redefining \ref on input line 6078.
LaTeX Info: Redefining \pageref on input line 6078.
 (C:\Users\Elusive\AppData\Local\Programs\MiKTeX\tex/latex/base\atbegshi-ltx.sty
Package: atbegshi-ltx 2021/01/10 v1.0c Emulation of the original atbegshi
package with kernel methods
)
\Hy@abspage=\count272
\c@Item=\count273
\c@Hfootnote=\count274
)
Package hyperref Info: Driver (autodetected): hpdftex.
 (C:\Users\Elusive\AppData\Local\Programs\MiKTeX\tex/latex/hyperref\hpdftex.def
File: hpdftex.def 2022-05-17 v7.00q Hyperref driver for pdfTeX
 (C:\Users\Elusive\AppData\Local\Programs\MiKTeX\tex/latex/base\atveryend-ltx.sty
Package: atveryend-ltx 2020/08/19 v1.0a Emulation of the original atveryend package
with kernel methods
)
\Fld@listcount=\count275
\c@bookmark@seq@number=\count276
 (C:\Users\Elusive\AppData\Local\Programs\MiKTeX\tex/latex/rerunfilecheck\rerunfilecheck.sty
Package: rerunfilecheck 2019/12/05 v1.9 Rerun checks for auxiliary files (HO)
 (C:\Users\Elusive\AppData\Local\Programs\MiKTeX\tex/generic/uniquecounter\uniquecounter.sty
Package: uniquecounter 2019/12/15 v1.4 Provide unlimited unique counter (HO)
)
Package uniquecounter Info: New unique counter `rerunfilecheck' on input line 286.
)
\Hy@SectionHShift=\skip53
)
Package hyperref Info: Option `colorlinks' set `true' on input line 16.
 (main.aux (importantPages/titlepage.aux) (importantPages/secondpage.aux) (chapters/acknowledgement.aux) (chapters/abstract.aux) (chapters/introduction.aux) (chapters/relatedwork.aux) (chapters/requirements.aux) (chapters/design.aux) (chapters/implementation.aux) (chapters/testing.aux) (chapters/conclusion.aux))
\openout1 = `main.aux'.

LaTeX Font Info:    Checking defaults for OML/cmm/m/it on input line 25.
LaTeX Font Info:    ... okay on input line 25.
LaTeX Font Info:    Checking defaults for OMS/cmsy/m/n on input line 25.
LaTeX Font Info:    ... okay on input line 25.
LaTeX Font Info:    Checking defaults for OT1/cmr/m/n on input line 25.
LaTeX Font Info:    ... okay on input line 25.
LaTeX Font Info:    Checking defaults for T1/cmr/m/n on input line 25.
LaTeX Font Info:    ... okay on input line 25.
LaTeX Font Info:    Checking defaults for TS1/cmr/m/n on input line 25.
LaTeX Font Info:    ... okay on input line 25.
LaTeX Font Info:    Checking defaults for OMX/cmex/m/n on input line 25.
LaTeX Font Info:    ... okay on input line 25.
LaTeX Font Info:    Checking defaults for U/cmr/m/n on input line 25.
LaTeX Font Info:    ... okay on input line 25.
LaTeX Font Info:    Checking defaults for PD1/pdf/m/n on input line 25.
LaTeX Font Info:    ... okay on input line 25.
LaTeX Font Info:    Checking defaults for PU/pdf/m/n on input line 25.
LaTeX Font Info:    ... okay on input line 25.

*geometry* driver: auto-detecting
*geometry* detected driver: pdftex
*geometry* verbose mode - [ preamble ] result:
* driver: pdftex
* paper: <default>
* layout: <same size as paper>
* layoutoffset:(h,v)=(0.0pt,0.0pt)
* modes: 
* h-part:(L,W,R)=(92.14519pt, 430.00462pt, 92.14519pt)
* v-part:(T,H,B)=(95.39737pt, 556.47656pt, 143.09605pt)
* \paperwidth=614.295pt
* \paperheight=794.96999pt
* \textwidth=430.00462pt
* \textheight=556.47656pt
* \oddsidemargin=19.8752pt
* \evensidemargin=19.8752pt
* \topmargin=-13.87262pt
* \headheight=12.0pt
* \headsep=25.0pt
* \topskip=10.0pt
* \footskip=30.0pt
* \marginparwidth=65.0pt
* \marginparsep=11.0pt
* \columnsep=10.0pt
* \skip\footins=9.0pt plus 4.0pt minus 2.0pt
* \hoffset=0.0pt
* \voffset=0.0pt
* \mag=1000
* \@twocolumnfalse
* \@twosidefalse
* \@mparswitchfalse
* \@reversemarginfalse
* (1in=72.27pt=25.4mm, 1cm=28.453pt)

(C:\Users\Elusive\AppData\Local\Programs\MiKTeX\tex/context/base/mkii\supp-pdf.mkii
[Loading MPS to PDF converter (version 2006.09.02).]
\scratchcounter=\count277
\scratchdimen=\dimen161
\scratchbox=\box54
\nofMPsegments=\count278
\nofMParguments=\count279
\everyMPshowfont=\toks20
\MPscratchCnt=\count280
\MPscratchDim=\dimen162
\MPnumerator=\count281
\makeMPintoPDFobject=\count282
\everyMPtoPDFconversion=\toks21
) (C:\Users\Elusive\AppData\Local\Programs\MiKTeX\tex/latex/epstopdf-pkg\epstopdf-base.sty
Package: epstopdf-base 2020-01-24 v2.11 Base part for package epstopdf
Package epstopdf-base Info: Redefining graphics rule for `.eps' on input line 485.
 (C:\Users\Elusive\AppData\Local\Programs\MiKTeX\tex/latex/00miktex\epstopdf-sys.cfg
File: epstopdf-sys.cfg 2021/03/18 v2.0 Configuration of epstopdf for MiKTeX
)) (C:\Users\Elusive\AppData\Local\Programs\MiKTeX\tex/latex/graphics\color.sty
Package: color 2021/12/07 v1.3c Standard LaTeX Color (DPC)
 (C:\Users\Elusive\AppData\Local\Programs\MiKTeX\tex/latex/graphics-cfg\color.cfg
File: color.cfg 2016/01/02 v1.6 sample color configuration
)
Package color Info: Driver file: pdftex.def on input line 149.
)
Package hyperref Info: Link coloring ON on input line 25.
 (main.out) (main.out)
\@outlinefile=\write3
\openout3 = `main.out'.

\openout2 = `importantPages/titlepage.aux'.

 (importantPages/titlepage.tex
<images/nu.png, id=95, 122.70844pt x 127.97812pt>
File: images/nu.png Graphic file (type png)
<use images/nu.png>
Package pdftex.def Info: images/nu.png  used on input line 5.
(pdftex.def)             Requested size: 107.50114pt x 112.12117pt.
 [1


{C:/Users/Elusive/AppData/Local/MiKTeX/fonts/map/pdftex/pdftex.map} <./images/nu.png>])
\openout2 = `importantPages/secondpage.aux'.

 (importantPages/secondpage.tex
LaTeX Font Info:    External font `cmex10' loaded for size
(Font)              <7> on input line 5.
LaTeX Font Info:    External font `cmex10' loaded for size
(Font)              <5> on input line 5.

pdfTeX warning (ext4): destination with the same identifier (name{page.1}) has been already used, duplicate ignored
<to be read again> 
                   \relax 
l.58 \end{titlepage}
                     [1



])
\openout2 = `chapters/acknowledgement.aux'.

 (chapters/acknowledgement.tex)
pdfTeX warning (ext4): destination with the same identifier (name{page.1}) has been already used, duplicate ignored
<to be read again> 
                   \relax 
l.28 \include{chapters/acknowledgement}
                                        [1




]
\openout2 = `chapters/abstract.aux'.

 (chapters/abstract.tex) [2




] (main.toc)
\tf@toc=\write4
\openout4 = `main.toc'.

 [3



] (main.lof)
\tf@lof=\write5
\openout5 = `main.lof'.

 [4

] (main.lot)
\tf@lot=\write6
\openout6 = `main.lot'.

 [5

]
\openout2 = `chapters/introduction.aux'.

 (chapters/introduction.tex
Chapter 1.
[6


]) [7]
\openout2 = `chapters/relatedwork.aux'.

 (chapters/relatedwork.tex
Chapter 2.
) [8




]
\openout2 = `chapters/requirements.aux'.

 (chapters/requirements.tex
Chapter 3.
<images/Data.png, id=217, 1027.84pt x 718.685pt>
File: images/Data.png Graphic file (type png)
<use images/Data.png>
Package pdftex.def Info: images/Data.png  used on input line 9.
(pdftex.def)             Requested size: 21.50154pt x 15.02374pt.
<images/gps.png, id=220, 239.6955pt x 385.6809pt>
File: images/gps.png Graphic file (type png)
<use images/gps.png>
Package pdftex.def Info: images/gps.png  used on input line 11.
(pdftex.def)             Requested size: 6.4498pt x 10.37526pt.
) [9




 <./images/Data.png> <./images/gps.png>]
\openout2 = `chapters/design.aux'.

 (chapters/design.tex
Chapter 4.
<images/useState.png, id=231, 328.22626pt x 48.93282pt>
File: images/useState.png Graphic file (type png)
<use images/useState.png>
Package pdftex.def Info: images/useState.png  used on input line 19.
(pdftex.def)             Requested size: 344.005pt x 51.28612pt.
[10




 <./images/useState.png>]
<images/useMemo.png, id=236, 422.32782pt x 479.54156pt>
File: images/useMemo.png Graphic file (type png)
<use images/useMemo.png>
Package pdftex.def Info: images/useMemo.png  used on input line 32.
(pdftex.def)             Requested size: 344.005pt x 390.61438pt.
 [11 <./images/useMemo.png>]
<images/homepageWireframe.png, id=242, 625.58719pt x 280.04625pt>
File: images/homepageWireframe.png Graphic file (type png)
<use images/homepageWireframe.png>
Package pdftex.def Info: images/homepageWireframe.png  used on input line 48.
(pdftex.def)             Requested size: 258.00539pt x 115.49913pt.
<images/parkerWireframe.png, id=243, 934.24031pt x 283.0575pt>
File: images/parkerWireframe.png Graphic file (type png)
<use images/parkerWireframe.png>
Package pdftex.def Info: images/parkerWireframe.png  used on input line 55.
(pdftex.def)             Requested size: 258.00539pt x 78.17145pt.
<images/sellerWireframe.png, id=244, 597.73312pt x 268.00125pt>
File: images/sellerWireframe.png Graphic file (type png)
<use images/sellerWireframe.png>
Package pdftex.def Info: images/sellerWireframe.png  used on input line 62.
(pdftex.def)             Requested size: 258.00539pt x 115.67993pt.
 [12 <./images/homepageWireframe.png> <./images/parkerWireframe.png> <./images/sellerWireframe.png>]
<images/colorScheme.png, id=249, 764.8575pt x 273.27094pt>
File: images/colorScheme.png Graphic file (type png)
<use images/colorScheme.png>
Package pdftex.def Info: images/colorScheme.png  used on input line 74.
(pdftex.def)             Requested size: 344.005pt x 122.90822pt.
<images/ui1.png, id=250, 1574.88374pt x 632.3625pt>
File: images/ui1.png Graphic file (type png)
<use images/ui1.png>
Package pdftex.def Info: images/ui1.png  used on input line 81.
(pdftex.def)             Requested size: 344.005pt x 138.12633pt.
<images/ui2.png, id=251, 1565.85pt x 632.3625pt>
File: images/ui2.png Graphic file (type png)
<use images/ui2.png>
Package pdftex.def Info: images/ui2.png  used on input line 88.
(pdftex.def)             Requested size: 344.005pt x 138.91754pt.


LaTeX Warning: `h' float specifier changed to `ht'.

<images/ui3.png, id=252, 1549.28813pt x 632.3625pt>
File: images/ui3.png Graphic file (type png)
<use images/ui3.png>
Package pdftex.def Info: images/ui3.png  used on input line 96.
(pdftex.def)             Requested size: 344.005pt x 140.4035pt.

LaTeX Warning: `h' float specifier changed to `ht'.

[13 <./images/colorScheme.png> <./images/ui1.png>] [14 <./images/ui2.png> <./images/ui3.png>]
Underfull \hbox (badness 10000) in paragraph at lines 107--108

 []

<images/userModel.png, id=261, 740.0147pt x 590.205pt>
File: images/userModel.png Graphic file (type png)
<use images/userModel.png>
Package pdftex.def Info: images/userModel.png  used on input line 111.
(pdftex.def)             Requested size: 258.00539pt x 205.77332pt.
<images/parkerModel.png, id=262, 323.70938pt x 613.54219pt>
File: images/parkerModel.png Graphic file (type png)
<use images/parkerModel.png>
Package pdftex.def Info: images/parkerModel.png  used on input line 118.
(pdftex.def)             Requested size: 279.50037pt x 529.77988pt.

LaTeX Warning: `h' float specifier changed to `ht'.

<images/sellerModel.png, id=263, 328.97906pt x 592.46344pt>
File: images/sellerModel.png Graphic file (type png)
<use images/sellerModel.png>
Package pdftex.def Info: images/sellerModel.png  used on input line 126.
(pdftex.def)             Requested size: 279.50037pt x 503.3703pt.

LaTeX Warning: `h' float specifier changed to `ht'.

<images/carsModel.png, id=264, 305.64188pt x 496.85625pt>
File: images/carsModel.png Graphic file (type png)
<use images/carsModel.png>
Package pdftex.def Info: images/carsModel.png  used on input line 133.
(pdftex.def)             Requested size: 301.00192pt x 489.33426pt.

LaTeX Warning: `h' float specifier changed to `ht'.

<images/spotModel.png, id=265, 882.29625pt x 642.14906pt>
File: images/spotModel.png Graphic file (type png)
<use images/spotModel.png>
Package pdftex.def Info: images/spotModel.png  used on input line 140.
(pdftex.def)             Requested size: 430.00462pt x 312.96066pt.

LaTeX Warning: `h' float specifier changed to `ht'.

<images/bookingModel.png, id=266, 384.6872pt x 557.83406pt>
File: images/bookingModel.png Graphic file (type png)
<use images/bookingModel.png>
Package pdftex.def Info: images/bookingModel.png  used on input line 147.
(pdftex.def)             Requested size: 344.005pt x 498.8796pt.

LaTeX Warning: `h' float specifier changed to `ht'.

<images/notificationModel.png, id=267, 357.58594pt x 363.60844pt>
File: images/notificationModel.png Graphic file (type png)
<use images/notificationModel.png>
Package pdftex.def Info: images/notificationModel.png  used on input line 155.
(pdftex.def)             Requested size: 344.005pt x 349.82024pt.

LaTeX Warning: `h' float specifier changed to `ht'.

<images/messageModel.png, id=268, 321.45094pt x 153.57375pt>
File: images/messageModel.png Graphic file (type png)
<use images/messageModel.png>
Package pdftex.def Info: images/messageModel.png  used on input line 163.
(pdftex.def)             Requested size: 344.005pt x 164.35509pt.

LaTeX Warning: `h' float specifier changed to `ht'.

<images/chatModel.png, id=269, 261.22594pt x 255.95625pt>
File: images/chatModel.png Graphic file (type png)
<use images/chatModel.png>
Package pdftex.def Info: images/chatModel.png  used on input line 171.
(pdftex.def)             Requested size: 344.005pt x 337.07045pt.

LaTeX Warning: `h' float specifier changed to `ht'.

[15

 <./images/userModel.png>] [16 <./images/parkerModel.png>] [17 <./images/sellerModel.png>] [18 <./images/carsModel.png>] [19 <./images/spotModel.png>] [20 <./images/bookingModel.png>] [21 <./images/notificationModel.png>] [22 <./images/messageModel.png>] [23 <./images/chatModel.png>]) [24

]
\openout2 = `chapters/implementation.aux'.

 (chapters/implementation.tex
Chapter 5.
[25




] [26] [27] [28]) [29]
\openout2 = `chapters/testing.aux'.

 (chapters/testing.tex
Chapter 6.
) [30




]
\openout2 = `chapters/conclusion.aux'.

 (chapters/conclusion.tex
Chapter 7.
) [31




] (main.bbl) [32



] (main.aux (importantPages/titlepage.aux) (importantPages/secondpage.aux) (chapters/acknowledgement.aux) (chapters/abstract.aux) (chapters/introduction.aux) (chapters/relatedwork.aux) (chapters/requirements.aux) (chapters/design.aux) (chapters/implementation.aux) (chapters/testing.aux) (chapters/conclusion.aux))
Package rerunfilecheck Info: File `main.out' has not changed.
(rerunfilecheck)             Checksum: 7302723917E3180C6DACC645E9E224AC;2350.
 ) 
Here is how much of TeX's memory you used:
 13802 strings out of 478614
 251563 string characters out of 2842178
 531424 words of memory out of 3000000
 31632 multiletter control sequences out of 15000+600000
 472363 words of font info for 38 fonts, out of 8000000 for 9000
 1141 hyphenation exceptions out of 8191
 72i,9n,77p,1338b,402s stack positions out of 10000i,1000n,20000p,200000b,80000s
 <C:\Users\Elusive\AppData\Local\MiKTeX\fonts/pk/ljfour/jknappen/ec/dpi600\tcrm1000.pk><C:/Users/Elusive/AppData/Local/Programs/MiKTeX/fonts/type1/public/amsfonts/cm/cmbx10.pfb><C:/Users/Elusive/AppData/Local/Programs/MiKTeX/fonts/type1/public/amsfonts/cm/cmbx12.pfb><C:/Users/Elusive/AppData/Local/Programs/MiKTeX/fonts/type1/public/amsfonts/cm/cmr10.pfb><C:/Users/Elusive/AppData/Local/Programs/MiKTeX/fonts/type1/public/amsfonts/cm/cmr12.pfb><C:/Users/Elusive/AppData/Local/Programs/MiKTeX/fonts/type1/public/amsfonts/cm/cmr9.pfb><C:/Users/Elusive/AppData/Local/Programs/MiKTeX/fonts/type1/public/amsfonts/cm/cmti10.pfb>
Output written on main.pdf (34 pages, 1460105 bytes).
PDF statistics:
 399 PDF objects out of 1000 (max. 8388607)
 85 named destinations out of 1000 (max. 500000)
 308 words of extra memory for PDF output out of 10000 (max. 10000000)

